<?xml version="1.0" encoding="UTF-8"?>
<testsuites name="jest tests" tests="1" failures="0" errors="0" time="3.141">
  <testsuite name="&lt;AppProvBar /&gt;" errors="0" failures="0" skipped="0" timestamp="2024-01-11T04:55:08" time="2.904" tests="1">
    <testcase classname="&lt;AppProvBar /&gt; se renderiza correctamente" name="&lt;AppProvBar /&gt; se renderiza correctamente" time="0.653">
    </testcase>
  </testsuite>
</testsuites>